{
  "RSpec": {
    "coverage": {
      "c:/Users/Donia/desktop/MME7/app/controllers/admin_controller.rb": [
        1,
        1,
        1,
        0,
        null,
        null,
        null,
        1,
        0,
        null,
        null
      ],
      "c:/Users/Donia/desktop/MME7/app/controllers/application_controller.rb": [
        1,
        1,
        null,
        null,
        1,
        1,
        null,
        1,
        1,
        null,
        null,
        1,
        0,
        0,
        null,
        null
      ],
      "c:/Users/Donia/desktop/MME7/app/helpers/application_helper.rb": [
        1,
        1,
        0,
        null,
        null
      ],
      "c:/Users/Donia/desktop/MME7/app/helpers/admin_helper.rb": [
        1,
        null
      ],
      "c:/Users/Donia/desktop/MME7/app/helpers/budget_components_helper.rb": [
        1,
        null
      ],
      "c:/Users/Donia/desktop/MME7/app/helpers/budget_items_helper.rb": [
        1,
        null
      ],
      "c:/Users/Donia/desktop/MME7/app/helpers/budget_sources_helper.rb": [
        1,
        null
      ],
      "c:/Users/Donia/desktop/MME7/app/helpers/budgets_helper.rb": [
        1,
        null
      ],
      "c:/Users/Donia/desktop/MME7/app/helpers/comments_helper.rb": [
        1,
        null
      ],
      "c:/Users/Donia/desktop/MME7/app/helpers/communities_helper.rb": [
        1,
        null
      ],
      "c:/Users/Donia/desktop/MME7/app/helpers/group_users_helper.rb": [
        1,
        null,
        null
      ],
      "c:/Users/Donia/desktop/MME7/app/helpers/groups_helper.rb": [
        1,
        null,
        null,
        null,
        null
      ],
      "c:/Users/Donia/desktop/MME7/app/helpers/home_helper.rb": [
        1,
        null
      ],
      "c:/Users/Donia/desktop/MME7/app/helpers/notifications_helper.rb": [
        1,
        null
      ],
      "c:/Users/Donia/desktop/MME7/app/helpers/posts_helper.rb": [
        1,
        null
      ],
      "c:/Users/Donia/desktop/MME7/app/helpers/project_users_helper.rb": [
        1,
        null,
        null,
        1,
        0,
        null,
        null,
        null,
        1,
        0,
        0,
        null,
        null,
        null,
        null
      ],
      "c:/Users/Donia/desktop/MME7/app/helpers/projects_helper.rb": [
        1,
        null,
        null
      ],
      "c:/Users/Donia/desktop/MME7/app/helpers/sessions_helper.rb": [
        1,
        null,
        null,
        1,
        0,
        0,
        null,
        1,
        0,
        null,
        1,
        0,
        null,
        1,
        0,
        null,
        1,
        0,
        0,
        null,
        null
      ],
      "c:/Users/Donia/desktop/MME7/app/helpers/tasks_helper.rb": [
        1,
        null
      ],
      "c:/Users/Donia/desktop/MME7/app/helpers/users_helper.rb": [
        1,
        null,
        null,
        1,
        0,
        0,
        0,
        null,
        null
      ],
      "c:/Users/Donia/desktop/MME7/app/controllers/budget_components_controller.rb": [
        1,
        null
      ],
      "c:/Users/Donia/desktop/MME7/app/models/budget_component.rb": [
        null,
        null,
        null,
        null,
        null,
        null,
        null,
        null,
        null,
        null,
        null,
        null,
        null,
        null,
        1,
        1,
        1,
        null
      ],
      "c:/Users/Donia/desktop/MME7/app/controllers/budget_items_controller.rb": [
        1,
        null
      ],
      "c:/Users/Donia/desktop/MME7/app/models/budget_item.rb": [
        1,
        1,
        1,
        1,
        1,
        1,
        1,
        null
      ],
      "c:/Users/Donia/desktop/MME7/app/controllers/budget_sources_controller.rb": [
        1,
        null
      ],
      "c:/Users/Donia/desktop/MME7/app/models/budget_source.rb": [
        null,
        null,
        null,
        null,
        null,
        null,
        null,
        null,
        null,
        null,
        null,
        1,
        1,
        null
      ],
      "c:/Users/Donia/desktop/MME7/app/controllers/budgets_controller.rb": [
        1,
        null
      ],
      "c:/Users/Donia/desktop/MME7/app/models/budget.rb": [
        null,
        null,
        null,
        null,
        null,
        null,
        null,
        null,
        null,
        null,
        null,
        null,
        null,
        null,
        null,
        1,
        1,
        1,
        1,
        null
      ],
      "c:/Users/Donia/desktop/MME7/app/controllers/comments_controller.rb": [
        1,
        null
      ],
      "c:/Users/Donia/desktop/MME7/app/models/comment.rb": [
        null,
        null,
        null,
        null,
        null,
        null,
        null,
        null,
        null,
        null,
        null,
        null,
        1,
        1,
        1,
        1,
        null,
        null
      ],
      "c:/Users/Donia/desktop/MME7/app/controllers/communities_controller.rb": [
        1,
        null
      ],
      "c:/Users/Donia/desktop/MME7/app/models/community.rb": [
        null,
        null,
        null,
        null,
        null,
        null,
        null,
        null,
        null,
        null,
        null,
        null,
        1,
        1,
        null
      ],
      "c:/Users/Donia/desktop/MME7/app/controllers/group_users_controller.rb": [
        1,
        null
      ],
      "c:/Users/Donia/desktop/MME7/app/models/group_user.rb": [
        null,
        null,
        null,
        null,
        null,
        null,
        null,
        null,
        null,
        null,
        null,
        null,
        1,
        1,
        1,
        1,
        null,
        null,
        null,
        1,
        2,
        null,
        null,
        null,
        1,
        0,
        0,
        null,
        null,
        null,
        null,
        1,
        1,
        null,
        null
      ],
      "c:/Users/Donia/desktop/MME7/app/controllers/groups_controller.rb": [
        null
      ],
      "c:/Users/Donia/desktop/MME7/app/controllers/home_controller.rb": [
        1,
        1,
        null,
        null
      ],
      "c:/Users/Donia/desktop/MME7/app/controllers/notifications_controller.rb": [
        1,
        null
      ],
      "c:/Users/Donia/desktop/MME7/app/models/notification.rb": [
        1,
        null,
        null
      ],
      "c:/Users/Donia/desktop/MME7/app/controllers/posts_controller.rb": [
        1,
        null
      ],
      "c:/Users/Donia/desktop/MME7/app/models/post.rb": [
        null,
        null,
        null,
        null,
        null,
        null,
        null,
        null,
        null,
        null,
        null,
        null,
        1,
        1,
        1,
        null,
        1,
        1,
        1,
        null,
        null
      ],
      "c:/Users/Donia/desktop/MME7/app/controllers/project_users_controller.rb": [
        1,
        null,
        null
      ],
      "c:/Users/Donia/desktop/MME7/app/models/project_user.rb": [
        null,
        null,
        null,
        null,
        null,
        null,
        null,
        null,
        null,
        null,
        null,
        null,
        1,
        1,
        1,
        1,
        null
      ],
      "c:/Users/Donia/desktop/MME7/app/controllers/projects_controller.rb": [
        1,
        null
      ],
      "c:/Users/Donia/desktop/MME7/app/models/project.rb": [
        null,
        null,
        null,
        null,
        null,
        null,
        null,
        null,
        null,
        null,
        null,
        null,
        null,
        null,
        null,
        1,
        1,
        1,
        1,
        1,
        1,
        1,
        1,
        null,
        null,
        null,
        null,
        1,
        0,
        0,
        null,
        null,
        null
      ],
      "c:/Users/Donia/desktop/MME7/app/controllers/sessions_controller.rb": [
        1,
        null,
        null,
        1,
        null,
        1,
        0,
        0,
        0,
        0,
        0,
        0,
        null,
        0,
        null,
        null,
        0,
        0,
        null,
        null,
        null,
        null,
        1,
        0,
        0,
        null,
        null,
        null,
        null
      ],
      "c:/Users/Donia/desktop/MME7/app/controllers/tasks_controller.rb": [
        1,
        null
      ],
      "c:/Users/Donia/desktop/MME7/app/models/task.rb": [
        null,
        null,
        null,
        null,
        null,
        null,
        null,
        null,
        null,
        null,
        null,
        1,
        1,
        1,
        1,
        1,
        null
      ],
      "c:/Users/Donia/desktop/MME7/app/controllers/users_controller.rb": [
        1,
        null,
        null,
        null,
        1,
        1,
        1,
        1,
        null,
        null,
        null,
        null,
        null,
        1,
        1,
        null,
        null,
        null,
        null,
        1,
        3,
        3,
        3,
        3,
        null,
        0,
        null,
        null,
        null
      ],
      "c:/Users/Donia/desktop/MME7/app/models/user.rb": [
        null,
        null,
        null,
        null,
        null,
        null,
        null,
        null,
        null,
        null,
        null,
        null,
        null,
        null,
        1,
        null,
        null,
        null,
        1,
        1,
        null,
        1,
        1,
        1,
        1,
        1,
        1,
        1,
        1,
        1,
        null,
        14,
        14,
        1,
        null,
        1,
        1,
        null,
        null,
        null,
        1,
        1,
        1,
        1,
        null,
        1,
        null,
        1,
        1,
        1,
        1,
        null,
        1,
        1,
        1,
        1,
        1,
        null,
        null,
        null,
        1,
        1,
        13,
        null,
        null,
        null
      ],
      "c:/Users/Donia/desktop/MME7/app/models/group.rb": [
        null,
        null,
        null,
        null,
        null,
        null,
        null,
        null,
        null,
        null,
        null,
        null,
        null,
        1,
        1,
        null,
        1,
        1,
        1,
        1,
        null,
        null,
        null,
        null,
        null,
        null,
        1,
        0,
        0,
        null,
        null
      ]
    },
    "timestamp": 1365844452
  }
}
